<?xml version="1.0" encoding="UTF-8"?>
<!-- Generated by org.testng.reporters.JUnitReportReporter -->
<testsuite hostname="DESKTOP-30KRDBB" failures="0" tests="1" name="Savills.Handlessl" time="4.202" errors="0" timestamp="2025-06-27T13:01:47 IST" skipped="0">
  <testcase classname="Savills.Handlessl" name="handlessl" time="4.202"/>
</testsuite> <!-- Savills.Handlessl -->
