<?xml version="1.0" encoding="UTF-8"?>
<!-- Generated by org.testng.reporters.JUnitReportReporter -->
<testsuite hostname="DESKTOP-30KRDBB" failures="0" tests="1" name="Savills.JavaScript" time="6.486" errors="0" timestamp="2025-06-26T16:54:32 IST" skipped="0">
  <testcase classname="Savills.JavaScript" name="javascript_input" time="6.486"/>
</testsuite> <!-- Savills.JavaScript -->
