<?xml version="1.0" encoding="UTF-8"?>
<!-- Generated by org.testng.reporters.JUnitReportReporter -->
<testsuite hostname="DESKTOP-30KRDBB" failures="0" tests="1" name="Savills.SVG_Interaction" time="7.339" errors="0" timestamp="2025-06-30T19:12:01 IST" skipped="0">
  <testcase classname="Savills.SVG_Interaction" name="svg_interaction" time="7.339"/>
</testsuite> <!-- Savills.SVG_Interaction -->
