<?xml version="1.0" encoding="UTF-8"?>
<!-- Generated by org.testng.reporters.JUnitReportReporter -->
<testsuite hostname="DESKTOP-30KRDBB" failures="0" tests="1" name="Savills.Data_Driven_Testing_2" time="13.196" errors="0" timestamp="2025-07-15T14:34:22 IST" skipped="0">
  <testcase classname="Savills.Data_Driven_Testing_2" name="demo_contact" time="13.196"/>
</testsuite> <!-- Savills.Data_Driven_Testing_2 -->
