<?xml version="1.0" encoding="UTF-8"?>
<!-- Generated by org.testng.reporters.JUnitReportReporter -->
<testsuite hostname="DESKTOP-30KRDBB" failures="0" tests="3" name="Savills.Stripe_Payment_Gateway" time="72.768" errors="0" timestamp="2025-06-13T15:27:00 IST" skipped="0">
  <testcase classname="Savills.Stripe_Payment_Gateway" name="invalid_card_detail" time="24.313"/>
  <testcase classname="Savills.Stripe_Payment_Gateway" name="expired_card_detail" time="22.981"/>
  <testcase classname="Savills.Stripe_Payment_Gateway" name="insufficient_fund" time="25.474"/>
</testsuite> <!-- Savills.Stripe_Payment_Gateway -->
