<?xml version="1.0" encoding="UTF-8"?>
<!-- Generated by org.testng.reporters.JUnitReportReporter -->
<testsuite hostname="DESKTOP-30KRDBB" failures="0" tests="1" name="Savills.Headless" time="8.098" errors="0" timestamp="2025-06-27T14:43:17 IST" skipped="0">
  <testcase classname="Savills.Headless" name="headless" time="8.098"/>
</testsuite> <!-- Savills.Headless -->
