<?xml version="1.0" encoding="UTF-8"?>
<!-- Generated by org.testng.reporters.JUnitReportReporter -->
<testsuite hostname="DESKTOP-30KRDBB" failures="0" tests="1" name="Savills.Extension_Enable" time="7.426" errors="0" timestamp="2025-06-27T15:20:47 IST" skipped="0">
  <testcase classname="Savills.Extension_Enable" name="enable_extension" time="7.426"/>
</testsuite> <!-- Savills.Extension_Enable -->
