<?xml version="1.0" encoding="UTF-8"?>
<!-- Generated by org.testng.reporters.JUnitReportReporter -->
<testsuite hostname="DESKTOP-30KRDBB" failures="0" tests="1" name="Savills.Data_Driven_Testing" time="31.874" errors="0" timestamp="2025-07-14T18:10:10 IST" skipped="0">
  <testcase classname="Savills.Data_Driven_Testing" name="write_user" time="31.874"/>
</testsuite> <!-- Savills.Data_Driven_Testing -->
