<?xml version="1.0" encoding="UTF-8"?>
<!-- Generated by org.testng.reporters.JUnitReportReporter -->
<testsuite hostname="DESKTOP-30KRDBB" failures="0" tests="1" name="Savills.table_demo" time="9.192" errors="0" timestamp="2025-06-25T18:30:11 IST" skipped="0">
  <testcase classname="Savills.table_demo" name="switch_tab" time="9.192"/>
</testsuite> <!-- Savills.table_demo -->
