<?xml version="1.0" encoding="UTF-8"?>
<!-- Generated by org.testng.reporters.JUnitReportReporter -->
<testsuite hostname="DESKTOP-30KRDBB" failures="0" tests="3" name="Savills.savills" time="17.271" errors="0" timestamp="2025-06-12T10:26:28 IST" skipped="0">
  <testcase classname="Savills.savills" name="setup" time="3.871"/>
  <testcase classname="Savills.savills" name="search" time="3.017"/>
  <testcase classname="Savills.savills" name="all_price" time="10.383"/>
</testsuite> <!-- Savills.savills -->
