<?xml version="1.0" encoding="UTF-8"?>
<!-- Generated by org.testng.reporters.JUnitReportReporter -->
<testsuite hostname="DESKTOP-30KRDBB" failures="0" tests="1" name="Savills.ScreenShot" time="7.259" errors="0" timestamp="2025-06-27T11:48:32 IST" skipped="0">
  <testcase classname="Savills.ScreenShot" name="capture_screenshot" time="7.259"/>
</testsuite> <!-- Savills.ScreenShot -->
