<?xml version="1.0" encoding="UTF-8"?>
<!-- Generated by org.testng.reporters.JUnitReportReporter -->
<testsuite hostname="DESKTOP-30KRDBB" failures="0" tests="1" name="Savills.Broken_Link" time="5.188" errors="0" timestamp="2025-06-30T16:51:28 IST" skipped="0">
  <testcase classname="Savills.Broken_Link" name="shadow_root" time="5.188"/>
</testsuite> <!-- Savills.Broken_Link -->
